<?xml version="1.0" encoding="UTF-8"?>
<testsuite xmlns:xsi="http://www.w3.org/2001/XMLSchema-instance" xsi:noNamespaceSchemaLocation="https://maven.apache.org/surefire/maven-surefire-plugin/xsd/surefire-test-report.xsd" name="com.expedia.aws.SecretsTest" time="0" tests="1" errors="0" skipped="1" failures="0">
  <properties>
    <property name="gopherProxySet" value="false"/>
    <property name="awt.toolkit" value="sun.lwawt.macosx.LWCToolkit"/>
    <property name="java.specification.version" value="11"/>
    <property name="sun.cpu.isalist" value=""/>
    <property name="sun.jnu.encoding" value="UTF-8"/>
    <property name="java.class.path" value="/Users/musahni/Documents/aep-data-ingestion/target/test-classes:/Users/musahni/Documents/aep-data-ingestion/target/classes:/Users/musahni/.m2/repository/junit/junit/4.11/junit-4.11.jar:/Users/musahni/.m2/repository/org/hamcrest/hamcrest-core/1.3/hamcrest-core-1.3.jar:/Users/musahni/.m2/repository/io/jsonwebtoken/jjwt/0.9.1/jjwt-0.9.1.jar:/Users/musahni/.m2/repository/org/apache/httpcomponents/httpclient/4.5.13/httpclient-4.5.13.jar:/Users/musahni/.m2/repository/org/apache/httpcomponents/httpcore/4.4.13/httpcore-4.4.13.jar:/Users/musahni/.m2/repository/commons-logging/commons-logging/1.2/commons-logging-1.2.jar:/Users/musahni/.m2/repository/commons-codec/commons-codec/1.11/commons-codec-1.11.jar:/Users/musahni/.m2/repository/org/apache/httpcomponents/httpasyncclient/4.1.4/httpasyncclient-4.1.4.jar:/Users/musahni/.m2/repository/org/apache/httpcomponents/httpcore-nio/4.4.13/httpcore-nio-4.4.13.jar:/Users/musahni/.m2/repository/software/amazon/awssdk/secretsmanager/2.15.9/secretsmanager-2.15.9.jar:/Users/musahni/.m2/repository/software/amazon/awssdk/aws-json-protocol/2.15.9/aws-json-protocol-2.15.9.jar:/Users/musahni/.m2/repository/software/amazon/awssdk/protocol-core/2.15.9/protocol-core-2.15.9.jar:/Users/musahni/.m2/repository/software/amazon/awssdk/sdk-core/2.15.9/sdk-core-2.15.9.jar:/Users/musahni/.m2/repository/software/amazon/awssdk/profiles/2.15.9/profiles-2.15.9.jar:/Users/musahni/.m2/repository/org/slf4j/slf4j-api/1.7.28/slf4j-api-1.7.28.jar:/Users/musahni/.m2/repository/org/reactivestreams/reactive-streams/1.0.2/reactive-streams-1.0.2.jar:/Users/musahni/.m2/repository/software/amazon/awssdk/auth/2.15.9/auth-2.15.9.jar:/Users/musahni/.m2/repository/software/amazon/eventstream/eventstream/1.0.1/eventstream-1.0.1.jar:/Users/musahni/.m2/repository/software/amazon/awssdk/http-client-spi/2.15.9/http-client-spi-2.15.9.jar:/Users/musahni/.m2/repository/software/amazon/awssdk/regions/2.15.9/regions-2.15.9.jar:/Users/musahni/.m2/repository/software/amazon/awssdk/annotations/2.15.9/annotations-2.15.9.jar:/Users/musahni/.m2/repository/software/amazon/awssdk/utils/2.15.9/utils-2.15.9.jar:/Users/musahni/.m2/repository/software/amazon/awssdk/aws-core/2.15.9/aws-core-2.15.9.jar:/Users/musahni/.m2/repository/software/amazon/awssdk/metrics-spi/2.15.9/metrics-spi-2.15.9.jar:/Users/musahni/.m2/repository/software/amazon/awssdk/netty-nio-client/2.15.9/netty-nio-client-2.15.9.jar:/Users/musahni/.m2/repository/io/netty/netty-codec-http/4.1.46.Final/netty-codec-http-4.1.46.Final.jar:/Users/musahni/.m2/repository/io/netty/netty-codec-http2/4.1.46.Final/netty-codec-http2-4.1.46.Final.jar:/Users/musahni/.m2/repository/io/netty/netty-codec/4.1.46.Final/netty-codec-4.1.46.Final.jar:/Users/musahni/.m2/repository/io/netty/netty-transport/4.1.46.Final/netty-transport-4.1.46.Final.jar:/Users/musahni/.m2/repository/io/netty/netty-resolver/4.1.46.Final/netty-resolver-4.1.46.Final.jar:/Users/musahni/.m2/repository/io/netty/netty-common/4.1.46.Final/netty-common-4.1.46.Final.jar:/Users/musahni/.m2/repository/io/netty/netty-buffer/4.1.46.Final/netty-buffer-4.1.46.Final.jar:/Users/musahni/.m2/repository/io/netty/netty-handler/4.1.46.Final/netty-handler-4.1.46.Final.jar:/Users/musahni/.m2/repository/io/netty/netty-transport-native-epoll/4.1.46.Final/netty-transport-native-epoll-4.1.46.Final-linux-x86_64.jar:/Users/musahni/.m2/repository/io/netty/netty-transport-native-unix-common/4.1.46.Final/netty-transport-native-unix-common-4.1.46.Final.jar:/Users/musahni/.m2/repository/com/typesafe/netty/netty-reactive-streams-http/2.0.4/netty-reactive-streams-http-2.0.4.jar:/Users/musahni/.m2/repository/com/typesafe/netty/netty-reactive-streams/2.0.4/netty-reactive-streams-2.0.4.jar:/Users/musahni/.m2/repository/software/amazon/awssdk/apache-client/2.15.9/apache-client-2.15.9.jar:/Users/musahni/.m2/repository/org/json/json/20200518/json-20200518.jar:/Users/musahni/.m2/repository/com/fasterxml/jackson/core/jackson-core/2.11.1/jackson-core-2.11.1.jar:/Users/musahni/.m2/repository/com/fasterxml/jackson/core/jackson-databind/2.11.1/jackson-databind-2.11.1.jar:/Users/musahni/.m2/repository/com/fasterxml/jackson/core/jackson-annotations/2.11.1/jackson-annotations-2.11.1.jar:/Users/musahni/.m2/repository/com/fasterxml/jackson/dataformat/jackson-dataformat-yaml/2.11.1/jackson-dataformat-yaml-2.11.1.jar:/Users/musahni/.m2/repository/org/yaml/snakeyaml/1.26/snakeyaml-1.26.jar:/Users/musahni/.m2/repository/jakarta/xml/bind/jakarta.xml.bind-api/2.3.3/jakarta.xml.bind-api-2.3.3.jar:/Users/musahni/.m2/repository/jakarta/activation/jakarta.activation-api/1.2.2/jakarta.activation-api-1.2.2.jar:"/>
    <property name="java.vm.vendor" value="Amazon.com Inc."/>
    <property name="sun.arch.data.model" value="64"/>
    <property name="java.vendor.url" value="https://aws.amazon.com/corretto/"/>
    <property name="user.timezone" value=""/>
    <property name="java.vm.specification.version" value="11"/>
    <property name="os.name" value="Mac OS X"/>
    <property name="sun.java.launcher" value="SUN_STANDARD"/>
    <property name="user.country" value="IN"/>
    <property name="sun.boot.library.path" value="/Library/Java/JavaVirtualMachines/amazon-corretto-11.jdk/Contents/Home/lib"/>
    <property name="sun.java.command" value="/Users/musahni/Documents/aep-data-ingestion/target/surefire/surefirebooter607589277840792666.jar /Users/musahni/Documents/aep-data-ingestion/target/surefire 2020-10-19T17-08-29_608-jvmRun1 surefire11917992188173069180tmp surefire_02265676950026697119tmp"/>
    <property name="jdk.debug" value="release"/>
    <property name="surefire.test.class.path" value="/Users/musahni/Documents/aep-data-ingestion/target/test-classes:/Users/musahni/Documents/aep-data-ingestion/target/classes:/Users/musahni/.m2/repository/junit/junit/4.11/junit-4.11.jar:/Users/musahni/.m2/repository/org/hamcrest/hamcrest-core/1.3/hamcrest-core-1.3.jar:/Users/musahni/.m2/repository/io/jsonwebtoken/jjwt/0.9.1/jjwt-0.9.1.jar:/Users/musahni/.m2/repository/org/apache/httpcomponents/httpclient/4.5.13/httpclient-4.5.13.jar:/Users/musahni/.m2/repository/org/apache/httpcomponents/httpcore/4.4.13/httpcore-4.4.13.jar:/Users/musahni/.m2/repository/commons-logging/commons-logging/1.2/commons-logging-1.2.jar:/Users/musahni/.m2/repository/commons-codec/commons-codec/1.11/commons-codec-1.11.jar:/Users/musahni/.m2/repository/org/apache/httpcomponents/httpasyncclient/4.1.4/httpasyncclient-4.1.4.jar:/Users/musahni/.m2/repository/org/apache/httpcomponents/httpcore-nio/4.4.13/httpcore-nio-4.4.13.jar:/Users/musahni/.m2/repository/software/amazon/awssdk/secretsmanager/2.15.9/secretsmanager-2.15.9.jar:/Users/musahni/.m2/repository/software/amazon/awssdk/aws-json-protocol/2.15.9/aws-json-protocol-2.15.9.jar:/Users/musahni/.m2/repository/software/amazon/awssdk/protocol-core/2.15.9/protocol-core-2.15.9.jar:/Users/musahni/.m2/repository/software/amazon/awssdk/sdk-core/2.15.9/sdk-core-2.15.9.jar:/Users/musahni/.m2/repository/software/amazon/awssdk/profiles/2.15.9/profiles-2.15.9.jar:/Users/musahni/.m2/repository/org/slf4j/slf4j-api/1.7.28/slf4j-api-1.7.28.jar:/Users/musahni/.m2/repository/org/reactivestreams/reactive-streams/1.0.2/reactive-streams-1.0.2.jar:/Users/musahni/.m2/repository/software/amazon/awssdk/auth/2.15.9/auth-2.15.9.jar:/Users/musahni/.m2/repository/software/amazon/eventstream/eventstream/1.0.1/eventstream-1.0.1.jar:/Users/musahni/.m2/repository/software/amazon/awssdk/http-client-spi/2.15.9/http-client-spi-2.15.9.jar:/Users/musahni/.m2/repository/software/amazon/awssdk/regions/2.15.9/regions-2.15.9.jar:/Users/musahni/.m2/repository/software/amazon/awssdk/annotations/2.15.9/annotations-2.15.9.jar:/Users/musahni/.m2/repository/software/amazon/awssdk/utils/2.15.9/utils-2.15.9.jar:/Users/musahni/.m2/repository/software/amazon/awssdk/aws-core/2.15.9/aws-core-2.15.9.jar:/Users/musahni/.m2/repository/software/amazon/awssdk/metrics-spi/2.15.9/metrics-spi-2.15.9.jar:/Users/musahni/.m2/repository/software/amazon/awssdk/netty-nio-client/2.15.9/netty-nio-client-2.15.9.jar:/Users/musahni/.m2/repository/io/netty/netty-codec-http/4.1.46.Final/netty-codec-http-4.1.46.Final.jar:/Users/musahni/.m2/repository/io/netty/netty-codec-http2/4.1.46.Final/netty-codec-http2-4.1.46.Final.jar:/Users/musahni/.m2/repository/io/netty/netty-codec/4.1.46.Final/netty-codec-4.1.46.Final.jar:/Users/musahni/.m2/repository/io/netty/netty-transport/4.1.46.Final/netty-transport-4.1.46.Final.jar:/Users/musahni/.m2/repository/io/netty/netty-resolver/4.1.46.Final/netty-resolver-4.1.46.Final.jar:/Users/musahni/.m2/repository/io/netty/netty-common/4.1.46.Final/netty-common-4.1.46.Final.jar:/Users/musahni/.m2/repository/io/netty/netty-buffer/4.1.46.Final/netty-buffer-4.1.46.Final.jar:/Users/musahni/.m2/repository/io/netty/netty-handler/4.1.46.Final/netty-handler-4.1.46.Final.jar:/Users/musahni/.m2/repository/io/netty/netty-transport-native-epoll/4.1.46.Final/netty-transport-native-epoll-4.1.46.Final-linux-x86_64.jar:/Users/musahni/.m2/repository/io/netty/netty-transport-native-unix-common/4.1.46.Final/netty-transport-native-unix-common-4.1.46.Final.jar:/Users/musahni/.m2/repository/com/typesafe/netty/netty-reactive-streams-http/2.0.4/netty-reactive-streams-http-2.0.4.jar:/Users/musahni/.m2/repository/com/typesafe/netty/netty-reactive-streams/2.0.4/netty-reactive-streams-2.0.4.jar:/Users/musahni/.m2/repository/software/amazon/awssdk/apache-client/2.15.9/apache-client-2.15.9.jar:/Users/musahni/.m2/repository/org/json/json/20200518/json-20200518.jar:/Users/musahni/.m2/repository/com/fasterxml/jackson/core/jackson-core/2.11.1/jackson-core-2.11.1.jar:/Users/musahni/.m2/repository/com/fasterxml/jackson/core/jackson-databind/2.11.1/jackson-databind-2.11.1.jar:/Users/musahni/.m2/repository/com/fasterxml/jackson/core/jackson-annotations/2.11.1/jackson-annotations-2.11.1.jar:/Users/musahni/.m2/repository/com/fasterxml/jackson/dataformat/jackson-dataformat-yaml/2.11.1/jackson-dataformat-yaml-2.11.1.jar:/Users/musahni/.m2/repository/org/yaml/snakeyaml/1.26/snakeyaml-1.26.jar:/Users/musahni/.m2/repository/jakarta/xml/bind/jakarta.xml.bind-api/2.3.3/jakarta.xml.bind-api-2.3.3.jar:/Users/musahni/.m2/repository/jakarta/activation/jakarta.activation-api/1.2.2/jakarta.activation-api-1.2.2.jar:"/>
    <property name="sun.cpu.endian" value="little"/>
    <property name="user.home" value="/Users/musahni"/>
    <property name="user.language" value="en"/>
    <property name="java.specification.vendor" value="Oracle Corporation"/>
    <property name="java.version.date" value="2019-07-16"/>
    <property name="java.home" value="/Library/Java/JavaVirtualMachines/amazon-corretto-11.jdk/Contents/Home"/>
    <property name="file.separator" value="/"/>
    <property name="basedir" value="/Users/musahni/Documents/aep-data-ingestion"/>
    <property name="java.vm.compressedOopsMode" value="Zero based"/>
    <property name="line.separator" value="&#10;"/>
    <property name="java.specification.name" value="Java Platform API Specification"/>
    <property name="java.vm.specification.vendor" value="Oracle Corporation"/>
    <property name="java.awt.graphicsenv" value="sun.awt.CGraphicsEnvironment"/>
    <property name="surefire.real.class.path" value="/Users/musahni/Documents/aep-data-ingestion/target/surefire/surefirebooter607589277840792666.jar"/>
    <property name="sun.management.compiler" value="HotSpot 64-Bit Tiered Compilers"/>
    <property name="java.runtime.version" value="11.0.4+11-LTS"/>
    <property name="user.name" value="musahni"/>
    <property name="path.separator" value=":"/>
    <property name="os.version" value="10.15.4"/>
    <property name="java.runtime.name" value="OpenJDK Runtime Environment"/>
    <property name="file.encoding" value="US-ASCII"/>
    <property name="java.vm.name" value="OpenJDK 64-Bit Server VM"/>
    <property name="java.vendor.version" value="Corretto-11.0.4.11.1"/>
    <property name="localRepository" value="/Users/musahni/.m2/repository"/>
    <property name="java.vendor.url.bug" value="https://github.com/corretto/corretto-11/issues/"/>
    <property name="java.io.tmpdir" value="/var/folders/5h/rrvx6_2129972dzl3rxm7mn00000gn/T/"/>
    <property name="java.version" value="11.0.4"/>
    <property name="user.dir" value="/Users/musahni/Documents/aep-data-ingestion"/>
    <property name="os.arch" value="x86_64"/>
    <property name="java.vm.specification.name" value="Java Virtual Machine Specification"/>
    <property name="java.awt.printerjob" value="sun.lwawt.macosx.CPrinterJob"/>
    <property name="sun.os.patch.level" value="unknown"/>
    <property name="java.library.path" value="/Users/musahni/Library/Java/Extensions:/Library/Java/Extensions:/Network/Library/Java/Extensions:/System/Library/Java/Extensions:/usr/lib/java:."/>
    <property name="java.vendor" value="Amazon.com Inc."/>
    <property name="java.vm.info" value="mixed mode"/>
    <property name="java.vm.version" value="11.0.4+11-LTS"/>
    <property name="sun.io.unicode.encoding" value="UnicodeBig"/>
    <property name="java.class.version" value="55.0"/>
  </properties>
  <testcase name="getSecrets" classname="com.expedia.aws.SecretsTest" time="0">
    <skipped message="No DECAF connection"/>
  </testcase>
</testsuite>